2021-06-16 15:00:46 Environment.java INFO Client environment:zookeeper.version=3.5.9-83df9301aa5c2a5d284a9940177808c01bc35cef, built on 01/06/2021 20:03 GMT
2021-06-16 15:00:46 Environment.java INFO Client environment:host.name=DESKTOP-IBKH1S5.mshome.net
2021-06-16 15:00:46 Environment.java INFO Client environment:java.version=1.8.0_281
2021-06-16 15:00:46 Environment.java INFO Client environment:java.vendor=Oracle Corporation
2021-06-16 15:00:46 Environment.java INFO Client environment:java.home=C:\Application\Java\jdk-1.8.281\jre
2021-06-16 15:00:46 Environment.java INFO Client environment:java.class.path=C:\Application\JetBrains\IntelliJ IDEA 2020.1.3\lib\idea_rt.jar;C:\Application\JetBrains\IntelliJ IDEA 2020.1.3\plugins\junit\lib\junit5-rt.jar;C:\Application\JetBrains\IntelliJ IDEA 2020.1.3\plugins\junit\lib\junit-rt.jar;C:\Application\Java\jdk-1.8.281\jre\lib\charsets.jar;C:\Application\Java\jdk-1.8.281\jre\lib\deploy.jar;C:\Application\Java\jdk-1.8.281\jre\lib\ext\access-bridge-64.jar;C:\Application\Java\jdk-1.8.281\jre\lib\ext\cldrdata.jar;C:\Application\Java\jdk-1.8.281\jre\lib\ext\dnsns.jar;C:\Application\Java\jdk-1.8.281\jre\lib\ext\jaccess.jar;C:\Application\Java\jdk-1.8.281\jre\lib\ext\jfxrt.jar;C:\Application\Java\jdk-1.8.281\jre\lib\ext\localedata.jar;C:\Application\Java\jdk-1.8.281\jre\lib\ext\nashorn.jar;C:\Application\Java\jdk-1.8.281\jre\lib\ext\sunec.jar;C:\Application\Java\jdk-1.8.281\jre\lib\ext\sunjce_provider.jar;C:\Application\Java\jdk-1.8.281\jre\lib\ext\sunmscapi.jar;C:\Application\Java\jdk-1.8.281\jre\lib\ext\sunpkcs11.jar;C:\Application\Java\jdk-1.8.281\jre\lib\ext\zipfs.jar;C:\Application\Java\jdk-1.8.281\jre\lib\javaws.jar;C:\Application\Java\jdk-1.8.281\jre\lib\jce.jar;C:\Application\Java\jdk-1.8.281\jre\lib\jfr.jar;C:\Application\Java\jdk-1.8.281\jre\lib\jfxswt.jar;C:\Application\Java\jdk-1.8.281\jre\lib\jsse.jar;C:\Application\Java\jdk-1.8.281\jre\lib\management-agent.jar;C:\Application\Java\jdk-1.8.281\jre\lib\plugin.jar;C:\Application\Java\jdk-1.8.281\jre\lib\resources.jar;C:\Application\Java\jdk-1.8.281\jre\lib\rt.jar;D:\programing\learn-zookeeper\target\classes;E:\repository\junit\junit\4.13.2\junit-4.13.2.jar;E:\repository\org\hamcrest\hamcrest-core\1.3\hamcrest-core-1.3.jar;E:\repository\org\apache\logging\log4j\log4j-core\2.14.1\log4j-core-2.14.1.jar;E:\repository\org\apache\logging\log4j\log4j-api\2.14.1\log4j-api-2.14.1.jar;E:\repository\org\apache\zookeeper\zookeeper\3.5.9\zookeeper-3.5.9.jar;E:\repository\org\apache\zookeeper\zookeeper-jute\3.5.9\zookeeper-jute-3.5.9.jar;E:\repository\org\apache\yetus\audience-annotations\0.5.0\audience-annotations-0.5.0.jar;E:\repository\io\netty\netty-handler\4.1.50.Final\netty-handler-4.1.50.Final.jar;E:\repository\io\netty\netty-common\4.1.50.Final\netty-common-4.1.50.Final.jar;E:\repository\io\netty\netty-resolver\4.1.50.Final\netty-resolver-4.1.50.Final.jar;E:\repository\io\netty\netty-buffer\4.1.50.Final\netty-buffer-4.1.50.Final.jar;E:\repository\io\netty\netty-transport\4.1.50.Final\netty-transport-4.1.50.Final.jar;E:\repository\io\netty\netty-codec\4.1.50.Final\netty-codec-4.1.50.Final.jar;E:\repository\io\netty\netty-transport-native-epoll\4.1.50.Final\netty-transport-native-epoll-4.1.50.Final.jar;E:\repository\io\netty\netty-transport-native-unix-common\4.1.50.Final\netty-transport-native-unix-common-4.1.50.Final.jar;E:\repository\org\slf4j\slf4j-api\1.7.25\slf4j-api-1.7.25.jar;E:\repository\org\slf4j\slf4j-log4j12\1.7.25\slf4j-log4j12-1.7.25.jar;E:\repository\log4j\log4j\1.2.17\log4j-1.2.17.jar;C:\Application\JetBrains\IntelliJ IDEA 2020.1.3\lib\idea_rt.jar
2021-06-16 15:00:46 Environment.java INFO Client environment:java.library.path=C:\Application\Java\jdk-1.8.281\bin;C:\WINDOWS\Sun\Java\bin;C:\WINDOWS\system32;C:\WINDOWS;C:\Program Files (x86)\Common Files\Oracle\Java\javapath;C:\Application\Java\jdk-1.8.281\bin;D:\Application\nvm;D:\Application\node;C:\Application\apache-maven-3.6.3\bin;C:\Program Files\Common Files\Oracle\Java\javapath;C:\WINDOWS\system32;C:\WINDOWS;C:\WINDOWS\System32\Wbem;C:\WINDOWS\System32\WindowsPowerShell\v1.0\;C:\WINDOWS\System32\OpenSSH\;C:\Application\Git\cmd;C:\Program Files\dotnet\;C:\Application\Python2.7.16;C:\Users\guoyh\AppData\Local\Yarn\bin;D:\Application\TortoiseSVN1.14\bin;C:\Program Files\MySQL\MySQL Server 8.0\bin;;C:\Program Files\Docker\Docker\resources\bin;C:\ProgramData\DockerDesktop\version-bin;C:\Users\guoyh\AppData\Local\Programs\Python\Python39\Scripts\;C:\Users\guoyh\AppData\Local\Programs\Python\Python39\;C:\Program Files\MySQL\MySQL Shell 8.0\bin\;C:\Users\guoyh\AppData\Local\Microsoft\WindowsApps;C:\Application\Microsoft VS Code\bin;C:\Application\Anacoda;C:\Application\Anacoda\Scripts;C:\Application\Anacoda\Library\bin;C:\Users\guoyh\AppData\Local\Yarn\bin;C:\Application\Python2.7.16;C:\Users\guoyh\.dotnet\tools;C:\Users\guoyh\AppData\Local\hyper\app-3.0.2\resources\bin;C:\Users\guoyh\AppData\Local\GitHubDesktop\bin;;.
2021-06-16 15:00:46 Environment.java INFO Client environment:java.io.tmpdir=C:\Users\guoyh\AppData\Local\Temp\
2021-06-16 15:00:46 Environment.java INFO Client environment:java.compiler=<NA>
2021-06-16 15:00:46 Environment.java INFO Client environment:os.name=Windows 10
2021-06-16 15:00:46 Environment.java INFO Client environment:os.arch=amd64
2021-06-16 15:00:46 Environment.java INFO Client environment:os.version=10.0
2021-06-16 15:00:46 Environment.java INFO Client environment:user.name=guoyh
2021-06-16 15:00:46 Environment.java INFO Client environment:user.home=C:\Users\guoyh
2021-06-16 15:00:46 Environment.java INFO Client environment:user.dir=D:\programing\learn-zookeeper
2021-06-16 15:00:46 Environment.java INFO Client environment:os.memory.free=108MB
2021-06-16 15:00:46 Environment.java INFO Client environment:os.memory.max=1771MB
2021-06-16 15:00:46 Environment.java INFO Client environment:os.memory.total=121MB
2021-06-16 15:00:46 ZooKeeper.java INFO Initiating client connection, connectString=39.106.63.189:2181 sessionTimeout=2000 watcher=com.examplezookeeper.TestZookeeper$1@3930015a
2021-06-16 15:00:46 X509Util.java INFO Setting -D jdk.tls.rejectClientInitiatedRenegotiation=true to disable client-initiated TLS renegotiation
2021-06-16 15:00:47 ClientCnxnSocket.java INFO jute.maxbuffer value is 4194304 Bytes
2021-06-16 15:00:47 ClientCnxn.java INFO zookeeper.request.timeout value is 0. feature enabled=
